<?xml version="1.0" encoding="UTF-8"?>
<testng-results ignored="0" total="10" passed="10" failed="0" skipped="0">
  <reporter-output>
  </reporter-output>
  <suite started-at="2021-11-26T12:05:39 IST" name="Default suite" finished-at="2021-11-26T12:05:39 IST" duration-ms="151">
    <groups>
    </groups>
    <test started-at="2021-11-26T12:05:39 IST" name="Default test" finished-at="2021-11-26T12:05:39 IST" duration-ms="151">
      <class name="com.dataProvider1.DataProviderDemoTest">
        <test-method signature="ticketBook(java.lang.String,java.lang.String)[pri:0, instance:com.dataProvider1.DataProviderDemoTest@6da21078]" started-at="2021-11-26T12:05:39 IST" name="ticketBook" data-provider="bookTicketDataProvider" finished-at="2021-11-26T12:05:39 IST" duration-ms="10" status="PASS">
          <params>
            <param index="0">
              <value>
                <![CDATA[Chennai]]>
              </value>
            </param>
            <param index="1">
              <value>
                <![CDATA[Bangalore]]>
              </value>
            </param>
          </params>
          <reporter-output>
          </reporter-output>
        </test-method> <!-- ticketBook -->
        <test-method signature="ticketBook(java.lang.String,java.lang.String)[pri:0, instance:com.dataProvider1.DataProviderDemoTest@6da21078]" started-at="2021-11-26T12:05:39 IST" name="ticketBook" data-provider="bookTicketDataProvider" finished-at="2021-11-26T12:05:39 IST" duration-ms="2" status="PASS">
          <params>
            <param index="0">
              <value>
                <![CDATA[Chennai]]>
              </value>
            </param>
            <param index="1">
              <value>
                <![CDATA[Mysore]]>
              </value>
            </param>
          </params>
          <reporter-output>
          </reporter-output>
        </test-method> <!-- ticketBook -->
        <test-method signature="ticketBook(java.lang.String,java.lang.String)[pri:0, instance:com.dataProvider1.DataProviderDemoTest@6da21078]" started-at="2021-11-26T12:05:39 IST" name="ticketBook" data-provider="bookTicketDataProvider" finished-at="2021-11-26T12:05:39 IST" duration-ms="5" status="PASS">
          <params>
            <param index="0">
              <value>
                <![CDATA[Chennai]]>
              </value>
            </param>
            <param index="1">
              <value>
                <![CDATA[Pune]]>
              </value>
            </param>
          </params>
          <reporter-output>
          </reporter-output>
        </test-method> <!-- ticketBook -->
        <test-method signature="ticketBook(java.lang.String,java.lang.String)[pri:0, instance:com.dataProvider1.DataProviderDemoTest@6da21078]" started-at="2021-11-26T12:05:39 IST" name="ticketBook" data-provider="bookTicketDataProvider" finished-at="2021-11-26T12:05:39 IST" duration-ms="4" status="PASS">
          <params>
            <param index="0">
              <value>
                <![CDATA[Chennai]]>
              </value>
            </param>
            <param index="1">
              <value>
                <![CDATA[Mumbai]]>
              </value>
            </param>
          </params>
          <reporter-output>
          </reporter-output>
        </test-method> <!-- ticketBook -->
        <test-method signature="ticketBook(java.lang.String,java.lang.String)[pri:0, instance:com.dataProvider1.DataProviderDemoTest@6da21078]" started-at="2021-11-26T12:05:39 IST" name="ticketBook" data-provider="bookTicketDataProvider" finished-at="2021-11-26T12:05:39 IST" duration-ms="3" status="PASS">
          <params>
            <param index="0">
              <value>
                <![CDATA[Chennai]]>
              </value>
            </param>
            <param index="1">
              <value>
                <![CDATA[Kerala]]>
              </value>
            </param>
          </params>
          <reporter-output>
          </reporter-output>
        </test-method> <!-- ticketBook -->
        <test-method signature="ticketBook(java.lang.String,java.lang.String)[pri:0, instance:com.dataProvider1.DataProviderDemoTest@6da21078]" started-at="2021-11-26T12:05:39 IST" name="ticketBook" data-provider="bookTicketDataProvider" finished-at="2021-11-26T12:05:39 IST" duration-ms="3" status="PASS">
          <params>
            <param index="0">
              <value>
                <![CDATA[Chennai]]>
              </value>
            </param>
            <param index="1">
              <value>
                <![CDATA[Bangalore]]>
              </value>
            </param>
          </params>
          <reporter-output>
          </reporter-output>
        </test-method> <!-- ticketBook -->
        <test-method signature="ticketBook(java.lang.String,java.lang.String)[pri:0, instance:com.dataProvider1.DataProviderDemoTest@6da21078]" started-at="2021-11-26T12:05:39 IST" name="ticketBook" data-provider="bookTicketDataProvider" finished-at="2021-11-26T12:05:39 IST" duration-ms="7" status="PASS">
          <params>
            <param index="0">
              <value>
                <![CDATA[Chennai]]>
              </value>
            </param>
            <param index="1">
              <value>
                <![CDATA[Mysore]]>
              </value>
            </param>
          </params>
          <reporter-output>
          </reporter-output>
        </test-method> <!-- ticketBook -->
        <test-method signature="ticketBook(java.lang.String,java.lang.String)[pri:0, instance:com.dataProvider1.DataProviderDemoTest@6da21078]" started-at="2021-11-26T12:05:39 IST" name="ticketBook" data-provider="bookTicketDataProvider" finished-at="2021-11-26T12:05:39 IST" duration-ms="3" status="PASS">
          <params>
            <param index="0">
              <value>
                <![CDATA[Chennai]]>
              </value>
            </param>
            <param index="1">
              <value>
                <![CDATA[Pune]]>
              </value>
            </param>
          </params>
          <reporter-output>
          </reporter-output>
        </test-method> <!-- ticketBook -->
        <test-method signature="ticketBook(java.lang.String,java.lang.String)[pri:0, instance:com.dataProvider1.DataProviderDemoTest@6da21078]" started-at="2021-11-26T12:05:39 IST" name="ticketBook" data-provider="bookTicketDataProvider" finished-at="2021-11-26T12:05:39 IST" duration-ms="3" status="PASS">
          <params>
            <param index="0">
              <value>
                <![CDATA[Chennai]]>
              </value>
            </param>
            <param index="1">
              <value>
                <![CDATA[Mumbai]]>
              </value>
            </param>
          </params>
          <reporter-output>
          </reporter-output>
        </test-method> <!-- ticketBook -->
        <test-method signature="ticketBook(java.lang.String,java.lang.String)[pri:0, instance:com.dataProvider1.DataProviderDemoTest@6da21078]" started-at="2021-11-26T12:05:39 IST" name="ticketBook" data-provider="bookTicketDataProvider" finished-at="2021-11-26T12:05:39 IST" duration-ms="3" status="PASS">
          <params>
            <param index="0">
              <value>
                <![CDATA[Chennai]]>
              </value>
            </param>
            <param index="1">
              <value>
                <![CDATA[Kerala]]>
              </value>
            </param>
          </params>
          <reporter-output>
          </reporter-output>
        </test-method> <!-- ticketBook -->
      </class> <!-- com.dataProvider1.DataProviderDemoTest -->
    </test> <!-- Default test -->
  </suite> <!-- Default suite -->
</testng-results>
