<?xml version="1.0" encoding="UTF-8"?>
<!-- Generated by org.testng.reporters.JUnitXMLReporter -->
<testsuite ignored="0" hostname="DESKTOP-F7R8644" failures="0" tests="10" name="Default test" time="0.151" errors="0" timestamp="2021-11-26T12:05:39 IST">
  <testcase classname="com.dataProvider1.DataProviderDemoTest" name="ticketBook" time="0.01"/>
  <testcase classname="com.dataProvider1.DataProviderDemoTest" name="ticketBook" time="0.002"/>
  <testcase classname="com.dataProvider1.DataProviderDemoTest" name="ticketBook" time="0.005"/>
  <testcase classname="com.dataProvider1.DataProviderDemoTest" name="ticketBook" time="0.004"/>
  <testcase classname="com.dataProvider1.DataProviderDemoTest" name="ticketBook" time="0.003"/>
  <testcase classname="com.dataProvider1.DataProviderDemoTest" name="ticketBook" time="0.003"/>
  <testcase classname="com.dataProvider1.DataProviderDemoTest" name="ticketBook" time="0.007"/>
  <testcase classname="com.dataProvider1.DataProviderDemoTest" name="ticketBook" time="0.003"/>
  <testcase classname="com.dataProvider1.DataProviderDemoTest" name="ticketBook" time="0.003"/>
  <testcase classname="com.dataProvider1.DataProviderDemoTest" name="ticketBook" time="0.003"/>
</testsuite> <!-- Default test -->
